C:\BUREAU\THENOOBBOT\THE NOOB BOT\RECASTLAYER\RELEASE\.NETFRAMEWORK,VERSION=V4.0.ASSEMBLYATTRIBUTES.OBJ
C:\bureau\TheNoobBot\The Noob Bot\RecastLayer\Release\cl.command.1.tlog
C:\bureau\TheNoobBot\The Noob Bot\RecastLayer\Release\CL.read.1.tlog
C:\bureau\TheNoobBot\The Noob Bot\RecastLayer\Release\CL.write.1.tlog
C:\BUREAU\THENOOBBOT\THE NOOB BOT\RECASTLAYER\RELEASE\DETOURALLOC.OBJ
C:\BUREAU\THENOOBBOT\THE NOOB BOT\RECASTLAYER\RELEASE\DETOURCOMMON.OBJ
C:\BUREAU\THENOOBBOT\THE NOOB BOT\RECASTLAYER\RELEASE\DETOURLAYER.OBJ
C:\BUREAU\THENOOBBOT\THE NOOB BOT\RECASTLAYER\RELEASE\DETOURNAVMESH.OBJ
C:\BUREAU\THENOOBBOT\THE NOOB BOT\RECASTLAYER\RELEASE\DETOURNAVMESHBUILDER.OBJ
C:\BUREAU\THENOOBBOT\THE NOOB BOT\RECASTLAYER\RELEASE\DETOURNAVMESHQUERY.OBJ
C:\BUREAU\THENOOBBOT\THE NOOB BOT\RECASTLAYER\RELEASE\DETOURNODE.OBJ
C:\BUREAU\THENOOBBOT\THE NOOB BOT\RECASTLAYER\RELEASE\DETOUROBSTACLEAVOIDANCE.OBJ
C:\bureau\TheNoobBot\The Noob Bot\RecastLayer\Release\link.command.1.tlog
C:\bureau\TheNoobBot\The Noob Bot\RecastLayer\Release\link.read.1.tlog
C:\bureau\TheNoobBot\The Noob Bot\RecastLayer\Release\link.write.1.tlog
C:\bureau\TheNoobBot\The Noob Bot\RecastLayer\Release\mt.command.1.tlog
C:\bureau\TheNoobBot\The Noob Bot\RecastLayer\Release\mt.read.1.tlog
C:\bureau\TheNoobBot\The Noob Bot\RecastLayer\Release\mt.write.1.tlog
C:\BUREAU\THENOOBBOT\THE NOOB BOT\RECASTLAYER\RELEASE\RECAST.OBJ
C:\BUREAU\THENOOBBOT\THE NOOB BOT\RECASTLAYER\RELEASE\RECASTALLOC.OBJ
C:\BUREAU\THENOOBBOT\THE NOOB BOT\RECASTLAYER\RELEASE\RECASTAREA.OBJ
C:\BUREAU\THENOOBBOT\THE NOOB BOT\RECASTLAYER\RELEASE\RECASTCONTOUR.OBJ
C:\BUREAU\THENOOBBOT\THE NOOB BOT\RECASTLAYER\RELEASE\RECASTFILTER.OBJ
C:\BUREAU\THENOOBBOT\THE NOOB BOT\RECASTLAYER\RELEASE\RECASTLAYER.DLL.INTERMEDIATE.MANIFEST
C:\BUREAU\THENOOBBOT\THE NOOB BOT\RECASTLAYER\RELEASE\RECASTLAYER.OBJ
C:\BUREAU\THENOOBBOT\THE NOOB BOT\RECASTLAYER\RELEASE\RECASTMESH.OBJ
C:\BUREAU\THENOOBBOT\THE NOOB BOT\RECASTLAYER\RELEASE\RECASTMESHDETAIL.OBJ
C:\BUREAU\THENOOBBOT\THE NOOB BOT\RECASTLAYER\RELEASE\RECASTRASTERIZATION.OBJ
C:\BUREAU\THENOOBBOT\THE NOOB BOT\RECASTLAYER\RELEASE\RECASTREGION.OBJ
C:\BUREAU\THENOOBBOT\THE NOOB BOT\RECASTLAYER\RELEASE\VC100.PDB
C:\BUREAU\THENOOBBOT\THE NOOB BOT\THE NOOB BOT\BIN\RELEASE\RECASTLAYER.DLL
C:\BUREAU\THENOOBBOT\THE NOOB BOT\THE NOOB BOT\BIN\RELEASE\RECASTLAYER.PDB
