La génération a démarré 02/02/2012 18:38:23.
     1>Projet "C:\Users\Remi\Dropbox\Projets\The Noob Bot\RecastLayer\RecastLayer.vcxproj" sur le nœud 2 (build cible(s)).
     1>C:\Program Files (x86)\MSBuild\Microsoft.Cpp\v4.0\Microsoft.CppBuild.targets(299,5): warning MSB8004: Le répertoire Output ne se termine pas par une barre oblique finale.  Cette instance de build ajoutera une barre oblique, comme requis, pour permettre l'évaluation correcte du répertoire Output.
     1>InitializeBuildStatus:
         Création de "Release\RecastLayer.unsuccessfulbuild", car "AlwaysCreate" a été spécifié.
       GenerateTargetFrameworkMonikerAttribute:
       La cible est ignorée "GenerateTargetFrameworkMonikerAttribute", car tous les fichiers de sortie sont à jour par rapport aux fichiers d'entrée.
       ClCompile:
         C:\Program Files (x86)\Microsoft Visual Studio 10.0\VC\bin\CL.exe /c /AI"C:\Program Files (x86)\Reference Assemblies\Microsoft\Framework\.NETFramework\v4.0" /Zi /clr /nologo /W3 /WX- /O2 /Oy- /D WIN32 /D NDEBUG /D _WINDLL /D _UNICODE /D UNICODE /EHa /MD /GS /fp:precise /Zc:wchar_t /Zc:forScope /Fo"Release\\" /Fd"Release\vc100.pdb" /TP /analyze- /errorReport:prompt DetourLayer.cpp Detour\DetourAlloc.cpp Detour\DetourCommon.cpp Detour\DetourNavMesh.cpp Detour\DetourNavMeshBuilder.cpp Detour\DetourNavMeshQuery.cpp Detour\DetourNode.cpp Detour\DetourObstacleAvoidance.cpp RecastLayer.cpp Recast\Recast.cpp Recast\RecastAlloc.cpp Recast\RecastArea.cpp Recast\RecastContour.cpp Recast\RecastFilter.cpp Recast\RecastMesh.cpp Recast\RecastMeshDetail.cpp Recast\RecastRasterization.cpp Recast\RecastRegion.cpp /clr:nostdlib 
         DetourLayer.cpp
         DetourAlloc.cpp
         DetourCommon.cpp
         DetourNavMesh.cpp
         DetourNavMeshBuilder.cpp
         DetourNavMeshQuery.cpp
         DetourNode.cpp
         DetourObstacleAvoidance.cpp
         RecastLayer.cpp
         Recast.cpp
     1>Recast\Recast.cpp(44): warning C4996: 'vsnprintf': This function or variable may be unsafe. Consider using vsnprintf_s instead. To disable deprecation, use _CRT_SECURE_NO_WARNINGS. See online help for details.
                 C:\Program Files (x86)\Microsoft Visual Studio 10.0\VC\include\stdio.h(354) : voir la déclaration de 'vsnprintf'
         RecastAlloc.cpp
         RecastArea.cpp
         RecastContour.cpp
         RecastFilter.cpp
         RecastMesh.cpp
         RecastMeshDetail.cpp
         RecastRasterization.cpp
         RecastRegion.cpp
         Génération de code en cours...
     1>c:\users\remi\dropbox\projets\the noob bot\recastlayer\recast\recast.cpp(37): warning C4793: 'rcContext::log' : fonction compilée en tant que code natif :
         	varargs non pris en charge sous /clr
     1>c:\users\remi\dropbox\projets\the noob bot\recastlayer\recast\recast.cpp(43): warning C4793: 'rcContext::log' : fonction compilée en tant que code natif :
         	un intrinsèque non pris en charge a été trouvé dans le code managé
     1>c:\users\remi\dropbox\projets\the noob bot\recastlayer\recast\recast.cpp(50): warning C4793: 'rcContext::log' : fonction compilée en tant que code natif :
         	un intrinsèque non pris en charge a été trouvé dans le code managé
         C:\Program Files (x86)\Microsoft Visual Studio 10.0\VC\bin\CL.exe /c /Zi /clr /nologo /W3 /WX- /O2 /Oy- /D WIN32 /D NDEBUG /D _WINDLL /D _UNICODE /D UNICODE /EHa /MD /GS /fp:precise /Zc:wchar_t /Zc:forScope /Fo"Release\\" /Fd"Release\vc100.pdb" /TP /analyze- /errorReport:prompt "C:\Users\Remi\AppData\Local\Temp\.NETFramework,Version=v4.0.AssemblyAttributes.cpp"
         .NETFramework,Version=v4.0.AssemblyAttributes.cpp
       Link:
         C:\Program Files (x86)\Microsoft Visual Studio 10.0\VC\bin\link.exe /ERRORREPORT:PROMPT /OUT:"..\The Noob Bot\bin\Release\RecastLayer.dll" /INCREMENTAL:NO /NOLOGO /MANIFEST /ManifestFile:"Release\RecastLayer.dll.intermediate.manifest" /MANIFESTUAC:"level='asInvoker' uiAccess='false'" /DEBUG /PDB:"C:\Users\Remi\Dropbox\Projets\The Noob Bot\The Noob Bot\bin\Release\RecastLayer.pdb" /TLBID:1 /DYNAMICBASE /FIXED:NO /NXCOMPAT /MACHINE:X86 /DLL Release\DetourLayer.obj
         Release\DetourAlloc.obj
         Release\DetourCommon.obj
         Release\DetourNavMesh.obj
         Release\DetourNavMeshBuilder.obj
         Release\DetourNavMeshQuery.obj
         Release\DetourNode.obj
         Release\DetourObstacleAvoidance.obj
         Release\RecastLayer.obj
         Release\Recast.obj
         Release\RecastAlloc.obj
         Release\RecastArea.obj
         Release\RecastContour.obj
         Release\RecastFilter.obj
         Release\RecastMesh.obj
         Release\RecastMeshDetail.obj
         Release\RecastRasterization.obj
         Release\RecastRegion.obj
         "Release\.NETFramework,Version=v4.0.AssemblyAttributes.obj"
         RecastLayer.vcxproj -> C:\Users\Remi\Dropbox\Projets\The Noob Bot\RecastLayer\..\The Noob Bot\bin\Release\RecastLayer.dll
       Manifest:
         C:\Program Files (x86)\Microsoft SDKs\Windows\v7.0A\bin\mt.exe /nologo /verbose /outputresource:"..\The Noob Bot\bin\Release\RecastLayer.dll;#2" /manifest Release\RecastLayer.dll.intermediate.manifest
       FinalizeBuildStatus:
         Suppression du fichier "Release\RecastLayer.unsuccessfulbuild".
         Mise à jour de l'horodatage "Release\RecastLayer.lastbuildstate".
     1>Génération du projet "C:\Users\Remi\Dropbox\Projets\The Noob Bot\RecastLayer\RecastLayer.vcxproj" terminée (build cible(s)).

La génération a réussi.

Temps écoulé 00:00:13.12
